<?xml version="1.0" encoding="UTF-8"?>
<testsuite name="OutboxEvent Tests" tests="8" skipped="0" failures="0" errors="0" timestamp="2026-01-29T23:45:09.500Z" hostname="192.168.31.66" time="0.016">
  <properties/>
  <testcase name="Default status should be NEW" classname="com.nexora.kafka.outbox.OutboxEventTest" time="0.008"/>
  <testcase name="Factory method should create event with correct fields" classname="com.nexora.kafka.outbox.OutboxEventTest" time="0.003"/>
  <testcase name="MarkAsSent should update status to SENT" classname="com.nexora.kafka.outbox.OutboxEventTest" time="0.001"/>
  <testcase name="All fields should be settable" classname="com.nexora.kafka.outbox.OutboxEventTest" time="0.001"/>
  <testcase name="Multiple incrementRetry calls should accumulate" classname="com.nexora.kafka.outbox.OutboxEventTest" time="0.001"/>
  <testcase name="IncrementRetry should increment retry count" classname="com.nexora.kafka.outbox.OutboxEventTest" time="0.0"/>
  <testcase name="Default retry count should be 0" classname="com.nexora.kafka.outbox.OutboxEventTest" time="0.001"/>
  <testcase name="MarkAsFailed should update status to FAILED" classname="com.nexora.kafka.outbox.OutboxEventTest" time="0.0"/>
  <system-out><![CDATA[]]></system-out>
  <system-err><![CDATA[]]></system-err>
</testsuite>
