<?xml version="1.0" encoding="UTF-8"?>
<testsuite name="JwtTokenProvider Tests" tests="16" skipped="0" failures="0" errors="0" timestamp="2026-01-29T23:47:09.433Z" hostname="192.168.31.66" time="0.165">
  <properties/>
  <testcase name="Generate token with empty claims should still work" classname="com.nexora.security.jwt.JwtTokenProviderTest" time="0.145"/>
  <testcase name="Get subject should return correct subject" classname="com.nexora.security.jwt.JwtTokenProviderTest" time="0.002"/>
  <testcase name="Generate token with null claims should still work" classname="com.nexora.security.jwt.JwtTokenProviderTest" time="0.002"/>
  <testcase name="Generate token should create valid JWT" classname="com.nexora.security.jwt.JwtTokenProviderTest" time="0.001"/>
  <testcase name="Is token expired should return false for fresh token" classname="com.nexora.security.jwt.JwtTokenProviderTest" time="0.001"/>
  <testcase name="Get username should return null when username not in claims" classname="com.nexora.security.jwt.JwtTokenProviderTest" time="0.001"/>
  <testcase name="Validate token should return true for valid token" classname="com.nexora.security.jwt.JwtTokenProviderTest" time="0.001"/>
  <testcase name="Access token and refresh token should have different expirations" classname="com.nexora.security.jwt.JwtTokenProviderTest" time="0.001"/>
  <testcase name="Validate token should return false for invalid token" classname="com.nexora.security.jwt.JwtTokenProviderTest" time="0.001"/>
  <testcase name="Get expiration should return valid expiration date" classname="com.nexora.security.jwt.JwtTokenProviderTest" time="0.001"/>
  <testcase name="Init should throw exception when secret is null" classname="com.nexora.security.jwt.JwtTokenProviderTest" time="0.001"/>
  <testcase name="Get claims should return correct claims" classname="com.nexora.security.jwt.JwtTokenProviderTest" time="0.001"/>
  <testcase name="Generate refresh token should create valid token" classname="com.nexora.security.jwt.JwtTokenProviderTest" time="0.001"/>
  <testcase name="Get username should extract username from claims" classname="com.nexora.security.jwt.JwtTokenProviderTest" time="0.001"/>
  <testcase name="Init should throw exception when secret is empty" classname="com.nexora.security.jwt.JwtTokenProviderTest" time="0.001"/>
  <testcase name="Validate token should return false for malformed token" classname="com.nexora.security.jwt.JwtTokenProviderTest" time="0.0"/>
  <system-out><![CDATA[07:47:09.436 [Test worker] INFO com.nexora.security.jwt.JwtTokenProvider -- Initialized JwtTokenProvider with issuer: test-issuer
07:47:09.579 [Test worker] INFO com.nexora.security.jwt.JwtTokenProvider -- Initialized JwtTokenProvider with issuer: test-issuer
07:47:09.581 [Test worker] INFO com.nexora.security.jwt.JwtTokenProvider -- Initialized JwtTokenProvider with issuer: test-issuer
07:47:09.583 [Test worker] INFO com.nexora.security.jwt.JwtTokenProvider -- Initialized JwtTokenProvider with issuer: test-issuer
07:47:09.584 [Test worker] INFO com.nexora.security.jwt.JwtTokenProvider -- Initialized JwtTokenProvider with issuer: test-issuer
07:47:09.585 [Test worker] INFO com.nexora.security.jwt.JwtTokenProvider -- Initialized JwtTokenProvider with issuer: test-issuer
07:47:09.587 [Test worker] INFO com.nexora.security.jwt.JwtTokenProvider -- Initialized JwtTokenProvider with issuer: test-issuer
07:47:09.588 [Test worker] INFO com.nexora.security.jwt.JwtTokenProvider -- Initialized JwtTokenProvider with issuer: test-issuer
07:47:09.590 [Test worker] INFO com.nexora.security.jwt.JwtTokenProvider -- Initialized JwtTokenProvider with issuer: test-issuer
07:47:09.590 [Test worker] WARN com.nexora.security.jwt.JwtTokenProvider -- Invalid JWT token: Malformed protected header JSON: Unable to deserialize: Unexpected character ('�' (code 65533 / 0xfffd)): expected a valid value (JSON String, Number, Array, Object or token 'null', 'true' or 'false')
 at [Source: REDACTED (`StreamReadFeature.INCLUDE_SOURCE_IN_LOCATION` disabled); line: 1, column: 1]
07:47:09.591 [Test worker] INFO com.nexora.security.jwt.JwtTokenProvider -- Initialized JwtTokenProvider with issuer: test-issuer
07:47:09.592 [Test worker] INFO com.nexora.security.jwt.JwtTokenProvider -- Initialized JwtTokenProvider with issuer: test-issuer
07:47:09.593 [Test worker] INFO com.nexora.security.jwt.JwtTokenProvider -- Initialized JwtTokenProvider with issuer: test-issuer
07:47:09.595 [Test worker] INFO com.nexora.security.jwt.JwtTokenProvider -- Initialized JwtTokenProvider with issuer: test-issuer
07:47:09.596 [Test worker] INFO com.nexora.security.jwt.JwtTokenProvider -- Initialized JwtTokenProvider with issuer: test-issuer
07:47:09.597 [Test worker] INFO com.nexora.security.jwt.JwtTokenProvider -- Initialized JwtTokenProvider with issuer: test-issuer
07:47:09.598 [Test worker] INFO com.nexora.security.jwt.JwtTokenProvider -- Initialized JwtTokenProvider with issuer: test-issuer
07:47:09.598 [Test worker] WARN com.nexora.security.jwt.JwtTokenProvider -- Invalid JWT token: Invalid compact JWT string: Compact JWSs must contain exactly 2 period characters, and compact JWEs must contain exactly 4.  Found: 1
]]></system-out>
  <system-err><![CDATA[]]></system-err>
</testsuite>
